<?xml version="1.0" encoding="UTF-8"?>
<!-- Generated by org.testng.reporters.JUnitXMLReporter -->
<testsuite hostname="Sumairs-MacBook-Pro.local" ignored="0" name="Regression Test" tests="2" failures="1" timestamp="2020-01-16T21:34:45 EST" time="7.369" errors="0">
  <testcase name="logoValidation" time="0.075" classname="com.class4.LoginAndTitle"/>
  <testcase name="titleValidation" time="0.007" classname="com.class4.LoginAndTitle">
    <failure type="java.lang.AssertionError" message="Titles are NOT matched expected [Human Management Systems] but found [Human Management System]">
      <![CDATA[java.lang.AssertionError: Titles are NOT matched expected [Human Management Systems] but found [Human Management System]
at com.class4.LoginAndTitle.titleValidation(LoginAndTitle.java:23)
at java.util.ArrayList.forEach(ArrayList.java:1257)
... Removed 31 stack frames]]>
    </failure>
  </testcase> <!-- titleValidation -->
</testsuite> <!-- Regression Test -->
