<?xml version="1.0" encoding="UTF-8"?>
<testng-results skipped="0" failed="1" ignored="0" total="2" passed="1">
  <reporter-output>
  </reporter-output>
  <suite name="Regression Suite" duration-ms="7369" started-at="2020-01-16T21:34:33 EST" finished-at="2020-01-16T21:34:40 EST">
    <groups>
      <group name="regression">
        <method signature="LoginAndTitle.logoValidation()[pri:0, instance:com.class4.LoginAndTitle@627551fb]" name="logoValidation" class="com.class4.LoginAndTitle"/>
        <method signature="LoginAndTitle.titleValidation()[pri:0, instance:com.class4.LoginAndTitle@627551fb]" name="titleValidation" class="com.class4.LoginAndTitle"/>
      </group> <!-- regression -->
    </groups>
    <test name="Regression Test" duration-ms="7369" started-at="2020-01-16T21:34:33 EST" finished-at="2020-01-16T21:34:40 EST">
      <class name="com.class4.LoginAndTitle">
        <test-method status="PASS" signature="openAndNavigate()[pri:0, instance:com.class4.LoginAndTitle@627551fb]" name="openAndNavigate" is-config="true" duration-ms="4027" started-at="2020-01-16T21:34:33 EST" finished-at="2020-01-16T21:34:37 EST">
          <reporter-output>
          </reporter-output>
        </test-method> <!-- openAndNavigate -->
        <test-method status="PASS" signature="logoValidation()[pri:0, instance:com.class4.LoginAndTitle@627551fb]" name="logoValidation" duration-ms="75" started-at="2020-01-16T21:34:37 EST" finished-at="2020-01-16T21:34:37 EST">
          <reporter-output>
          </reporter-output>
        </test-method> <!-- logoValidation -->
        <test-method status="PASS" signature="closeBrowser()[pri:0, instance:com.class4.LoginAndTitle@627551fb]" name="closeBrowser" is-config="true" duration-ms="83" started-at="2020-01-16T21:34:38 EST" finished-at="2020-01-16T21:34:38 EST">
          <reporter-output>
          </reporter-output>
        </test-method> <!-- closeBrowser -->
        <test-method status="PASS" signature="openAndNavigate()[pri:0, instance:com.class4.LoginAndTitle@627551fb]" name="openAndNavigate" is-config="true" duration-ms="2345" started-at="2020-01-16T21:34:38 EST" finished-at="2020-01-16T21:34:40 EST">
          <reporter-output>
          </reporter-output>
        </test-method> <!-- openAndNavigate -->
        <test-method status="FAIL" signature="titleValidation()[pri:0, instance:com.class4.LoginAndTitle@627551fb]" name="titleValidation" duration-ms="7" started-at="2020-01-16T21:34:40 EST" finished-at="2020-01-16T21:34:40 EST">
          <exception class="java.lang.AssertionError">
            <message>
              <![CDATA[Titles are NOT matched expected [Human Management Systems] but found [Human Management System]]]>
            </message>
            <full-stacktrace>
              <![CDATA[java.lang.AssertionError: Titles are NOT matched expected [Human Management Systems] but found [Human Management System]
at org.testng.Assert.fail(Assert.java:97)
at org.testng.Assert.assertEqualsImpl(Assert.java:136)
at org.testng.Assert.assertEquals(Assert.java:118)
at org.testng.Assert.assertEquals(Assert.java:575)
at com.class4.LoginAndTitle.titleValidation(LoginAndTitle.java:23)
at sun.reflect.NativeMethodAccessorImpl.invoke0(Native Method)
at sun.reflect.NativeMethodAccessorImpl.invoke(NativeMethodAccessorImpl.java:62)
at sun.reflect.DelegatingMethodAccessorImpl.invoke(DelegatingMethodAccessorImpl.java:43)
at java.lang.reflect.Method.invoke(Method.java:498)
at org.testng.internal.MethodInvocationHelper.invokeMethod(MethodInvocationHelper.java:133)
at org.testng.internal.TestInvoker.invokeMethod(TestInvoker.java:584)
at org.testng.internal.TestInvoker.invokeTestMethod(TestInvoker.java:172)
at org.testng.internal.MethodRunner.runInSequence(MethodRunner.java:46)
at org.testng.internal.TestInvoker$MethodInvocationAgent.invoke(TestInvoker.java:804)
at org.testng.internal.TestInvoker.invokeTestMethods(TestInvoker.java:145)
at org.testng.internal.TestMethodWorker.invokeTestMethods(TestMethodWorker.java:146)
at org.testng.internal.TestMethodWorker.run(TestMethodWorker.java:128)
at java.util.ArrayList.forEach(ArrayList.java:1257)
at org.testng.TestRunner.privateRun(TestRunner.java:770)
at org.testng.TestRunner.run(TestRunner.java:591)
at org.testng.SuiteRunner.runTest(SuiteRunner.java:402)
at org.testng.SuiteRunner.runSequentially(SuiteRunner.java:396)
at org.testng.SuiteRunner.privateRun(SuiteRunner.java:355)
at org.testng.SuiteRunner.run(SuiteRunner.java:304)
at org.testng.SuiteRunnerWorker.runSuite(SuiteRunnerWorker.java:53)
at org.testng.SuiteRunnerWorker.run(SuiteRunnerWorker.java:96)
at org.testng.TestNG.runSuitesSequentially(TestNG.java:1180)
at org.testng.TestNG.runSuitesLocally(TestNG.java:1102)
at org.testng.TestNG.runSuites(TestNG.java:1032)
at org.testng.TestNG.run(TestNG.java:1000)
at org.testng.remote.AbstractRemoteTestNG.run(AbstractRemoteTestNG.java:115)
at org.testng.remote.RemoteTestNG.initAndRun(RemoteTestNG.java:251)
at org.testng.remote.RemoteTestNG.main(RemoteTestNG.java:77)
]]>
            </full-stacktrace>
          </exception> <!-- java.lang.AssertionError -->
          <reporter-output>
          </reporter-output>
        </test-method> <!-- titleValidation -->
        <test-method status="PASS" signature="closeBrowser()[pri:0, instance:com.class4.LoginAndTitle@627551fb]" name="closeBrowser" is-config="true" duration-ms="83" started-at="2020-01-16T21:34:40 EST" finished-at="2020-01-16T21:34:40 EST">
          <reporter-output>
          </reporter-output>
        </test-method> <!-- closeBrowser -->
      </class> <!-- com.class4.LoginAndTitle -->
    </test> <!-- Regression Test -->
  </suite> <!-- Regression Suite -->
</testng-results>
